[INFO] Scanning for projects...
[INFO] 
[INFO] -----------< br.com.simplifiqueponto:movie-catalog-service >------------
[INFO] Building movie-catalog-service 0.0.1-SNAPSHOT
[INFO]   from pom.xml
[INFO] --------------------------------[ jar ]---------------------------------
[INFO] 
[INFO] >>> spring-boot:4.0.3:run (default-cli) > test-compile @ movie-catalog-service >>>
[INFO] 
[INFO] --- resources:3.3.1:resources (default-resources) @ movie-catalog-service ---
[INFO] Copying 1 resource from src\main\resources to target\classes
[INFO] Copying 0 resource from src\main\resources to target\classes
[INFO] 
[INFO] --- compiler:3.14.1:compile (default-compile) @ movie-catalog-service ---
[INFO] Nothing to compile - all classes are up to date.
[INFO] 
[INFO] --- resources:3.3.1:testResources (default-testResources) @ movie-catalog-service ---
[INFO] skip non existing resourceDirectory d:\microservices\movie-catalog-service\src\test\resources
[INFO] 
[INFO] --- compiler:3.14.1:testCompile (default-testCompile) @ movie-catalog-service ---
[INFO] Recompiling the module because of changed source code.
[INFO] Compiling 1 source file with javac [debug parameters release 17] to target\test-classes
[INFO] 
[INFO] <<< spring-boot:4.0.3:run (default-cli) < test-compile @ movie-catalog-service <<<
[INFO] 
[INFO] 
[INFO] --- spring-boot:4.0.3:run (default-cli) @ movie-catalog-service ---
[INFO] Attaching agents: []

  .   ____          _            __ _ _
 /\\ / ___'_ __ _ _(_)_ __  __ _ \ \ \ \
( ( )\___ | '_ | '_| | '_ \/ _` | \ \ \ \
 \\/  ___)| |_)| | | | | || (_| |  ) ) ) )
  '  |____| .__|_| |_|_| |_\__, | / / / /
 =========|_|==============|___/=/_/_/_/

 :: Spring Boot ::                (v4.0.3)

2026-02-25T16:54:20.938-03:00  INFO 24492 --- [movie-catalog-service] [           main] b.c.s.m.MovieCatalogServiceApplication   : Starting MovieCatalogServiceApplication using Java 25.0.2 with PID 24492 (D:\microservices\movie-catalog-service\target\classes started by Tiago in d:\microservices\movie-catalog-service)
2026-02-25T16:54:20.942-03:00  INFO 24492 --- [movie-catalog-service] [           main] b.c.s.m.MovieCatalogServiceApplication   : No active profile set, falling back to 1 default profile: "default"
2026-02-25T16:54:21.584-03:00  INFO 24492 --- [movie-catalog-service] [           main] o.s.boot.tomcat.TomcatWebServer          : Tomcat initialized with port 8080 (http)
2026-02-25T16:54:21.595-03:00  INFO 24492 --- [movie-catalog-service] [           main] o.apache.catalina.core.StandardService   : Starting service [Tomcat]
2026-02-25T16:54:21.595-03:00  INFO 24492 --- [movie-catalog-service] [           main] o.apache.catalina.core.StandardEngine    : Starting Servlet engine: [Apache Tomcat/11.0.18]
2026-02-25T16:54:21.634-03:00  INFO 24492 --- [movie-catalog-service] [           main] b.w.c.s.WebApplicationContextInitializer : Root WebApplicationContext: initialization completed in 656 ms
2026-02-25T16:54:21.892-03:00  WARN 24492 --- [movie-catalog-service] [           main] ConfigServletWebServerApplicationContext : Exception encountered during context initialization - cancelling refresh attempt: org.springframework.context.ApplicationContextException: Failed to start bean 'webServerStartStop'
2026-02-25T16:54:21.899-03:00  INFO 24492 --- [movie-catalog-service] [           main] .s.b.a.l.ConditionEvaluationReportLogger : 

Error starting ApplicationContext. To display the condition evaluation report re-run your application with 'debug' enabled.
2026-02-25T16:54:21.905-03:00 ERROR 24492 --- [movie-catalog-service] [           main] o.s.b.d.LoggingFailureAnalysisReporter   : 

***************************
APPLICATION FAILED TO START
***************************

Description:

Web server failed to start. Port 8080 was already in use.

Action:

Identify and stop the process that's listening on port 8080 or configure this application to listen on another port.

[INFO] ------------------------------------------------------------------------
[INFO] BUILD FAILURE
[INFO] ------------------------------------------------------------------------
[INFO] Total time:  2.950 s
[INFO] Finished at: 2026-02-25T16:54:21-03:00
[INFO] ------------------------------------------------------------------------
[ERROR] Failed to execute goal org.springframework.boot:spring-boot-maven-plugin:4.0.3:run (default-cli) on project movie-catalog-service: Process terminated with exit code: 1 -> [Help 1]
[ERROR] 
[ERROR] To see the full stack trace of the errors, re-run Maven with the -e switch.
[ERROR] Re-run Maven using the -X switch to enable full debug logging.
[ERROR] 
[ERROR] For more information about the errors and possible solutions, please read the following articles:
[ERROR] [Help 1] http://cwiki.apache.org/confluence/display/MAVEN/MojoExecutionException
